Backend error message during job submission
-------------------------------------------
org.apache.pig.backend.executionengine.ExecException: ERROR 2118: Input path does not exist: hdfs://localhost:8020/user/vagrant/recsys-data-ratings.csv
	at org.apache.pig.backend.hadoop.executionengine.mapReduceLayer.PigInputFormat.getSplits(PigInputFormat.java:288)
	at org.apache.hadoop.mapred.JobClient.writeNewSplits(JobClient.java:962)
	at org.apache.hadoop.mapred.JobClient.writeSplits(JobClient.java:979)
	at org.apache.hadoop.mapred.JobClient.access$600(JobClient.java:174)
	at org.apache.hadoop.mapred.JobClient$2.run(JobClient.java:897)
	at org.apache.hadoop.mapred.JobClient$2.run(JobClient.java:850)
	at java.security.AccessController.doPrivileged(Native Method)
	at javax.security.auth.Subject.doAs(Subject.java:396)
	at org.apache.hadoop.security.UserGroupInformation.doAs(UserGroupInformation.java:1121)
	at org.apache.hadoop.mapred.JobClient.submitJobInternal(JobClient.java:850)
	at org.apache.hadoop.mapred.JobClient.submitJob(JobClient.java:824)
	at org.apache.hadoop.mapred.jobcontrol.Job.submit(Job.java:378)
	at org.apache.hadoop.mapred.jobcontrol.JobControl.startReadyJobs(JobControl.java:247)
	at sun.reflect.NativeMethodAccessorImpl.invoke0(Native Method)
	at sun.reflect.NativeMethodAccessorImpl.invoke(NativeMethodAccessorImpl.java:39)
	at sun.reflect.DelegatingMethodAccessorImpl.invoke(DelegatingMethodAccessorImpl.java:25)
	at java.lang.reflect.Method.invoke(Method.java:597)
	at org.apache.pig.backend.hadoop20.PigJobControl.mainLoopAction(PigJobControl.java:157)
	at org.apache.pig.backend.hadoop20.PigJobControl.run(PigJobControl.java:134)
	at java.lang.Thread.run(Thread.java:662)
	at org.apache.pig.backend.hadoop.executionengine.mapReduceLayer.MapReduceLauncher$1.run(MapReduceLauncher.java:257)
Caused by: org.apache.hadoop.mapreduce.lib.input.InvalidInputException: Input path does not exist: hdfs://localhost:8020/user/vagrant/recsys-data-ratings.csv
	at org.apache.hadoop.mapreduce.lib.input.FileInputFormat.listStatus(FileInputFormat.java:235)
	at org.apache.pig.backend.hadoop.executionengine.mapReduceLayer.PigTextInputFormat.listStatus(PigTextInputFormat.java:36)
	at org.apache.hadoop.mapreduce.lib.input.FileInputFormat.getSplits(FileInputFormat.java:252)
	at org.apache.pig.backend.hadoop.executionengine.mapReduceLayer.PigInputFormat.getSplits(PigInputFormat.java:274)
	... 20 more

Pig Stack Trace
---------------
ERROR 1066: Unable to open iterator for alias R

org.apache.pig.impl.logicalLayer.FrontendException: ERROR 1066: Unable to open iterator for alias R
	at org.apache.pig.PigServer.openIterator(PigServer.java:836)
	at org.apache.pig.tools.grunt.GruntParser.processDump(GruntParser.java:696)
	at org.apache.pig.tools.pigscript.parser.PigScriptParser.parse(PigScriptParser.java:320)
	at org.apache.pig.tools.grunt.GruntParser.parseStopOnError(GruntParser.java:194)
	at org.apache.pig.tools.grunt.GruntParser.parseStopOnError(GruntParser.java:170)
	at org.apache.pig.tools.grunt.Grunt.run(Grunt.java:69)
	at com.netflix.lipstick.Main.run(Main.java:513)
	at com.netflix.lipstick.Main.main(Main.java:123)
	at sun.reflect.NativeMethodAccessorImpl.invoke0(Native Method)
	at sun.reflect.NativeMethodAccessorImpl.invoke(NativeMethodAccessorImpl.java:39)
	at sun.reflect.DelegatingMethodAccessorImpl.invoke(DelegatingMethodAccessorImpl.java:25)
	at java.lang.reflect.Method.invoke(Method.java:597)
	at org.apache.hadoop.util.RunJar.main(RunJar.java:156)
Caused by: java.io.IOException: Job terminated with anomalous status FAILED
	at org.apache.pig.PigServer.openIterator(PigServer.java:828)
	... 12 more
================================================================================
